<?xml version="1.0" encoding="UTF-8"?>
<!-- Generated by org.testng.reporters.JUnitXMLReporter -->
<testsuite ignored="6" hostname="DESKTOP-LGS2HSE" failures="0" tests="1" name="Default test" time="35.304" errors="0" timestamp="2024-03-07T01:40:31 PST">
  <testcase classname="com.autotest.AutomationTest.YoutubePlayerCommands" name="MiniPlayerOnOff" time="34.725"/>
  <testcase classname="com.autotest.AutomationTest.YoutubePlayerCommands" name="volumeTest" time="0.0">
    <ignored/>
  </testcase> <!-- volumeTest -->
  <testcase classname="com.autotest.AutomationTest.YoutubePlayerCommands" name="AutoPlayOn" time="0.0">
    <ignored/>
  </testcase> <!-- AutoPlayOn -->
  <testcase classname="com.autotest.AutomationTest.YoutubePlayerCommands" name="PlayPause" time="0.0">
    <ignored/>
  </testcase> <!-- PlayPause -->
  <testcase classname="com.autotest.AutomationTest.YoutubePlayerCommands" name="AutoPlayOff" time="0.0">
    <ignored/>
  </testcase> <!-- AutoPlayOff -->
  <testcase classname="com.autotest.AutomationTest.YoutubePlayerCommands" name="captionsOnOff" time="0.0">
    <ignored/>
  </testcase> <!-- captionsOnOff -->
  <testcase classname="com.autotest.AutomationTest.YoutubePlayerCommands" name="nextTest" time="0.0">
    <ignored/>
  </testcase> <!-- nextTest -->
</testsuite> <!-- Default test -->
