<?xml version="1.0" encoding="UTF-8"?>
<testng-results ignored="6" total="7" passed="1" failed="0" skipped="0">
  <reporter-output>
  </reporter-output>
  <suite started-at="2024-03-07T01:39:56 PST" name="Default suite" finished-at="2024-03-07T01:40:31 PST" duration-ms="35304">
    <groups>
    </groups>
    <test started-at="2024-03-07T01:39:56 PST" name="Default test" finished-at="2024-03-07T01:40:31 PST" duration-ms="35304">
      <class name="com.autotest.AutomationTest.YoutubePlayerCommands">
        <test-method is-config="true" signature="startReport()[pri:0, instance:com.autotest.AutomationTest.YoutubePlayerCommands@6aa8e115]" started-at="2024-03-07T01:39:56 PST" name="startReport" finished-at="2024-03-07T01:39:56 PST" duration-ms="157" status="PASS">
          <reporter-output>
          </reporter-output>
        </test-method> <!-- startReport -->
        <test-method signature="MiniPlayerOnOff()[pri:0, instance:com.autotest.AutomationTest.YoutubePlayerCommands@6aa8e115]" started-at="2024-03-07T01:39:56 PST" name="MiniPlayerOnOff" finished-at="2024-03-07T01:40:31 PST" duration-ms="34725" status="PASS">
          <reporter-output>
          </reporter-output>
        </test-method> <!-- MiniPlayerOnOff -->
        <test-method is-config="true" signature="endReport()[pri:0, instance:com.autotest.AutomationTest.YoutubePlayerCommands@6aa8e115]" started-at="2024-03-07T01:40:31 PST" name="endReport" finished-at="2024-03-07T01:40:31 PST" duration-ms="384" status="PASS">
          <reporter-output>
          </reporter-output>
        </test-method> <!-- endReport -->
      </class> <!-- com.autotest.AutomationTest.YoutubePlayerCommands -->
    </test> <!-- Default test -->
  </suite> <!-- Default suite -->
</testng-results>
